<?xml version="1.0" encoding="UTF-8"?>
<testsuite name="RestAPITest" tests="1" skipped="0" failures="0" errors="0" timestamp="2021-07-19T06:46:28" hostname="Dipshikhas-MacBook-Pro.local" time="4.899">
  <properties/>
  <testcase name="callGetListUserDelayedAPI" classname="RestAPITest" time="4.899"/>
  <system-out><![CDATA[Time 4
]]></system-out>
  <system-err><![CDATA[]]></system-err>
</testsuite>
